<?xml version="1.0" encoding="UTF-8"?>
<!-- Generated by org.testng.reporters.JUnitReportReporter -->
<testsuite name="OrangeHRM_Tests.Adminlogintest" tests="1" time="8.291" ignored="0" failures="0" timestamp="23 Mar 2021 13:37:43 GMT" skipped="0" hostname="DESKTOP-683TC0J" errors="0">
  <testcase name="checkAdminlogin" time="8.291" classname="OrangeHRM_Tests.Adminlogintest"/>
</testsuite> <!-- OrangeHRM_Tests.Adminlogintest -->
